<?xml version="1.0" encoding="UTF-8"?>
<robot generator="Robot 3.2.2 (Python 3.9.1 on win32)" generated="20210212 16:28:22.501" rpa="false">
<suite id="s1" name="TestSitePracticeBDD" source="C:\Users\patri\Downloads\SuiteSiteTesteAutomacao\tests\TestSitePracticeBDD.robot">
<test id="s1-t1" name="Cenário 01: Pesquisar produto existente">
<kw name="Abrir Navegador" library="ResourceBDD" type="setup">
<kw name="Open Browser" library="SeleniumLibrary">
<doc>Opens a new browser instance to the optional ``url``.</doc>
<arguments>
<arg>about:blank</arg>
<arg>${BROWSER}</arg>
</arguments>
<msg timestamp="20210212 16:28:22.793" level="INFO">Opening browser 'chrome' to base url 'about:blank'.</msg>
<status status="PASS" starttime="20210212 16:28:22.793" endtime="20210212 16:28:24.295"></status>
</kw>
<status status="PASS" starttime="20210212 16:28:22.792" endtime="20210212 16:28:24.295"></status>
</kw>
<kw name="Dado que estou na página home do site" library="ResourceBDD">
<kw name="Go To" library="SeleniumLibrary">
<doc>Navigates the current browser window to the provided ``url``.</doc>
<arguments>
<arg>http://automationpractice.com/</arg>
</arguments>
<msg timestamp="20210212 16:28:24.299" level="INFO">Opening url 'http://automationpractice.com/'</msg>
<status status="PASS" starttime="20210212 16:28:24.298" endtime="20210212 16:28:31.393"></status>
</kw>
<kw name="Title Should Be" library="SeleniumLibrary">
<doc>Verifies that the current page title equals ``title``.</doc>
<arguments>
<arg>My Store</arg>
</arguments>
<msg timestamp="20210212 16:28:31.401" level="INFO">Page title is 'My Store'.</msg>
<status status="PASS" starttime="20210212 16:28:31.393" endtime="20210212 16:28:31.402"></status>
</kw>
<status status="PASS" starttime="20210212 16:28:24.296" endtime="20210212 16:28:31.402"></status>
</kw>
<kw name="Quando eu pesquisar pelo produto &quot;Blouse&quot;" library="ResourceBDD">
<kw name="Input Text" library="SeleniumLibrary">
<doc>Types the given ``text`` into the text field identified by ``locator``.</doc>
<arguments>
<arg>id=search_query_top</arg>
<arg>${PRODUTO}</arg>
</arguments>
<msg timestamp="20210212 16:28:31.404" level="INFO">Typing text 'Blouse' into text field 'id=search_query_top'.</msg>
<status status="PASS" starttime="20210212 16:28:31.403" endtime="20210212 16:28:31.539"></status>
</kw>
<kw name="Click Button" library="SeleniumLibrary">
<doc>Clicks the button identified by ``locator``.</doc>
<arguments>
<arg>name=submit_search</arg>
</arguments>
<msg timestamp="20210212 16:28:31.539" level="INFO">Clicking button 'name=submit_search'.</msg>
<status status="PASS" starttime="20210212 16:28:31.539" endtime="20210212 16:28:34.089"></status>
</kw>
<status status="PASS" starttime="20210212 16:28:31.403" endtime="20210212 16:28:34.090"></status>
</kw>
<kw name="Então o produto &quot;Blouse&quot; deve ser listado na página de resultado da busca" library="ResourceBDD">
<kw name="Wait Until Element Is Visible" library="SeleniumLibrary">
<doc>Waits until the element ``locator`` is visible.</doc>
<arguments>
<arg>css=#center_column &gt; h1</arg>
</arguments>
<status status="PASS" starttime="20210212 16:28:34.098" endtime="20210212 16:28:34.492"></status>
</kw>
<kw name="Title Should Be" library="SeleniumLibrary">
<doc>Verifies that the current page title equals ``title``.</doc>
<arguments>
<arg>Search - My Store</arg>
</arguments>
<msg timestamp="20210212 16:28:34.497" level="INFO">Page title is 'Search - My Store'.</msg>
<status status="PASS" starttime="20210212 16:28:34.493" endtime="20210212 16:28:34.498"></status>
</kw>
<kw name="Page Should Contain Image" library="SeleniumLibrary">
<doc>Verifies image identified by ``locator`` is found from current page.</doc>
<arguments>
<arg>xpath=//*[@id="center_column"]//*[@src='${URL}/img/p/7/7-home_default.jpg']</arg>
</arguments>
<msg timestamp="20210212 16:28:34.519" level="INFO">Current page contains image 'xpath=//*[@id="center_column"]//*[@src='http://automationpractice.com/img/p/7/7-home_default.jpg']'.</msg>
<status status="PASS" starttime="20210212 16:28:34.498" endtime="20210212 16:28:34.519"></status>
</kw>
<kw name="Page Should Contain Link" library="SeleniumLibrary">
<doc>Verifies link identified by ``locator`` is found from current page.</doc>
<arguments>
<arg>xpath=//*[@id="center_column"]//a[@class="product-name"][contains(text(), "${PRODUTO}")]</arg>
</arguments>
<msg timestamp="20210212 16:28:34.540" level="INFO">Current page contains link 'xpath=//*[@id="center_column"]//a[@class="product-name"][contains(text(), "Blouse")]'.</msg>
<status status="PASS" starttime="20210212 16:28:34.519" endtime="20210212 16:28:34.540"></status>
</kw>
<status status="PASS" starttime="20210212 16:28:34.097" endtime="20210212 16:28:34.540"></status>
</kw>
<kw name="Fechar Navegador" library="ResourceBDD" type="teardown">
<kw name="Close Browser" library="SeleniumLibrary">
<doc>Closes the current browser.</doc>
<status status="PASS" starttime="20210212 16:28:34.541" endtime="20210212 16:28:37.852"></status>
</kw>
<status status="PASS" starttime="20210212 16:28:34.541" endtime="20210212 16:28:37.853"></status>
</kw>
<status status="PASS" starttime="20210212 16:28:22.791" endtime="20210212 16:28:37.854" critical="yes"></status>
</test>
<test id="s1-t2" name="Cenário 02: Pesquisar produto não existente">
<kw name="Abrir Navegador" library="ResourceBDD" type="setup">
<kw name="Open Browser" library="SeleniumLibrary">
<doc>Opens a new browser instance to the optional ``url``.</doc>
<arguments>
<arg>about:blank</arg>
<arg>${BROWSER}</arg>
</arguments>
<msg timestamp="20210212 16:28:37.875" level="INFO">Opening browser 'chrome' to base url 'about:blank'.</msg>
<status status="PASS" starttime="20210212 16:28:37.874" endtime="20210212 16:28:39.303"></status>
</kw>
<status status="PASS" starttime="20210212 16:28:37.872" endtime="20210212 16:28:39.303"></status>
</kw>
<kw name="Dado que estou na página home do site" library="ResourceBDD">
<kw name="Go To" library="SeleniumLibrary">
<doc>Navigates the current browser window to the provided ``url``.</doc>
<arguments>
<arg>http://automationpractice.com/</arg>
</arguments>
<msg timestamp="20210212 16:28:39.310" level="INFO">Opening url 'http://automationpractice.com/'</msg>
<status status="PASS" starttime="20210212 16:28:39.310" endtime="20210212 16:28:46.347"></status>
</kw>
<kw name="Title Should Be" library="SeleniumLibrary">
<doc>Verifies that the current page title equals ``title``.</doc>
<arguments>
<arg>My Store</arg>
</arguments>
<msg timestamp="20210212 16:28:46.355" level="INFO">Page title is 'My Store'.</msg>
<status status="PASS" starttime="20210212 16:28:46.348" endtime="20210212 16:28:46.356"></status>
</kw>
<status status="PASS" starttime="20210212 16:28:39.309" endtime="20210212 16:28:46.356"></status>
</kw>
<kw name="Quando eu pesquisar pelo produto &quot;itemNãoExistente&quot;" library="ResourceBDD">
<kw name="Input Text" library="SeleniumLibrary">
<doc>Types the given ``text`` into the text field identified by ``locator``.</doc>
<arguments>
<arg>id=search_query_top</arg>
<arg>${PRODUTO}</arg>
</arguments>
<msg timestamp="20210212 16:28:46.358" level="INFO">Typing text 'itemNãoExistente' into text field 'id=search_query_top'.</msg>
<status status="PASS" starttime="20210212 16:28:46.357" endtime="20210212 16:28:46.513"></status>
</kw>
<kw name="Click Button" library="SeleniumLibrary">
<doc>Clicks the button identified by ``locator``.</doc>
<arguments>
<arg>name=submit_search</arg>
</arguments>
<msg timestamp="20210212 16:28:46.514" level="INFO">Clicking button 'name=submit_search'.</msg>
<status status="PASS" starttime="20210212 16:28:46.513" endtime="20210212 16:28:47.962"></status>
</kw>
<status status="PASS" starttime="20210212 16:28:46.357" endtime="20210212 16:28:47.963"></status>
</kw>
<kw name="Então a página deve exibir a mensagem &quot;No results were found for your search &quot;itemNãoExistente&quot;&quot;" library="ResourceBDD">
<kw name="Wait Until Element Is Visible" library="SeleniumLibrary">
<doc>Waits until the element ``locator`` is visible.</doc>
<arguments>
<arg>xpath=//*[@id="center_column"]//p[@class="alert alert-warning"]</arg>
</arguments>
<status status="PASS" starttime="20210212 16:28:47.964" endtime="20210212 16:28:47.998"></status>
</kw>
<kw name="Element Text Should Be" library="SeleniumLibrary">
<doc>Verifies that element ``locator`` contains exact the text ``expected``.</doc>
<arguments>
<arg>xpath=//*[@id="center_column"]//p[@class="alert alert-warning"]</arg>
<arg>${MENSAGEM_ALERTA}</arg>
</arguments>
<msg timestamp="20210212 16:28:47.999" level="INFO">Verifying element 'xpath=//*[@id="center_column"]//p[@class="alert alert-warning"]' contains exact text 'No results were found for your search "itemNãoExistente"'.</msg>
<status status="PASS" starttime="20210212 16:28:47.999" endtime="20210212 16:28:48.021"></status>
</kw>
<status status="PASS" starttime="20210212 16:28:47.963" endtime="20210212 16:28:48.021"></status>
</kw>
<kw name="Fechar Navegador" library="ResourceBDD" type="teardown">
<kw name="Close Browser" library="SeleniumLibrary">
<doc>Closes the current browser.</doc>
<status status="PASS" starttime="20210212 16:28:48.022" endtime="20210212 16:28:50.228"></status>
</kw>
<status status="PASS" starttime="20210212 16:28:48.022" endtime="20210212 16:28:50.229"></status>
</kw>
<status status="PASS" starttime="20210212 16:28:37.868" endtime="20210212 16:28:50.231" critical="yes"></status>
</test>
<test id="s1-t3" name="Cenário 03: Listar Produtos">
<kw name="Abrir Navegador" library="ResourceBDD" type="setup">
<kw name="Open Browser" library="SeleniumLibrary">
<doc>Opens a new browser instance to the optional ``url``.</doc>
<arguments>
<arg>about:blank</arg>
<arg>${BROWSER}</arg>
</arguments>
<msg timestamp="20210212 16:28:50.249" level="INFO">Opening browser 'chrome' to base url 'about:blank'.</msg>
<status status="PASS" starttime="20210212 16:28:50.248" endtime="20210212 16:28:51.648"></status>
</kw>
<status status="PASS" starttime="20210212 16:28:50.246" endtime="20210212 16:28:51.649"></status>
</kw>
<kw name="Dado que estou na página home do site" library="ResourceBDD">
<kw name="Go To" library="SeleniumLibrary">
<doc>Navigates the current browser window to the provided ``url``.</doc>
<arguments>
<arg>http://automationpractice.com/</arg>
</arguments>
<msg timestamp="20210212 16:28:51.650" level="INFO">Opening url 'http://automationpractice.com/'</msg>
<status status="PASS" starttime="20210212 16:28:51.650" endtime="20210212 16:28:58.283"></status>
</kw>
<kw name="Title Should Be" library="SeleniumLibrary">
<doc>Verifies that the current page title equals ``title``.</doc>
<arguments>
<arg>My Store</arg>
</arguments>
<msg timestamp="20210212 16:28:58.290" level="INFO">Page title is 'My Store'.</msg>
<status status="PASS" starttime="20210212 16:28:58.283" endtime="20210212 16:28:58.290"></status>
</kw>
<status status="PASS" starttime="20210212 16:28:51.649" endtime="20210212 16:28:58.291"></status>
</kw>
<kw name="Quando eu acessar a categoria &quot;Women&quot;" library="ResourceBDD">
<kw name="Wait Until Element Is Visible" library="SeleniumLibrary">
<doc>Waits until the element ``locator`` is visible.</doc>
<arguments>
<arg>xpath=//*[@id="block_top_menu"]//a[@title="${CATEGORIA}"]</arg>
</arguments>
<status status="PASS" starttime="20210212 16:28:58.292" endtime="20210212 16:28:58.333"></status>
</kw>
<kw name="Mouse Over" library="SeleniumLibrary">
<doc>Simulates hovering the mouse over the element ``locator``.</doc>
<arguments>
<arg>xpath=//*[@id="block_top_menu"]//a[@title="${CATEGORIA}"]</arg>
</arguments>
<msg timestamp="20210212 16:28:58.334" level="INFO">Simulating Mouse Over on element 'xpath=//*[@id="block_top_menu"]//a[@title="Women"]'.</msg>
<status status="PASS" starttime="20210212 16:28:58.334" endtime="20210212 16:28:58.623"></status>
</kw>
<status status="PASS" starttime="20210212 16:28:58.291" endtime="20210212 16:28:58.624"></status>
</kw>
<kw name="E consultar a sub-categoria &quot;Summer Dresses&quot;" library="ResourceBDD">
<kw name="Wait Until Element Is Visible" library="SeleniumLibrary">
<doc>Waits until the element ``locator`` is visible.</doc>
<arguments>
<arg>xpath=//*[@id="block_top_menu"]//a[@title="${SUB_CATEGORIA}"]</arg>
</arguments>
<status status="PASS" starttime="20210212 16:28:58.625" endtime="20210212 16:28:58.677"></status>
</kw>
<kw name="Click Element" library="SeleniumLibrary">
<doc>Click the element identified by ``locator``.</doc>
<arguments>
<arg>xpath=//*[@id="block_top_menu"]//a[@title="${SUB_CATEGORIA}"]</arg>
</arguments>
<msg timestamp="20210212 16:28:58.678" level="INFO">Clicking element 'xpath=//*[@id="block_top_menu"]//a[@title="Summer Dresses"]'.</msg>
<status status="PASS" starttime="20210212 16:28:58.677" endtime="20210212 16:29:01.010"></status>
</kw>
<status status="PASS" starttime="20210212 16:28:58.624" endtime="20210212 16:29:01.011"></status>
</kw>
<kw name="Então a página deve exibir os produtos da sub-categoria &quot;Summer Dresses&quot;" library="ResourceBDD">
<kw name="Create List" library="BuiltIn">
<doc>Returns a list containing given items.</doc>
<arguments>
<arg>Printed Summer Dress</arg>
<arg>Printed Summer Dress</arg>
<arg>Printed Chiffon Dress</arg>
</arguments>
<assign>
<var>@{DRESSES}</var>
</assign>
<msg timestamp="20210212 16:29:01.016" level="INFO">@{DRESSES} = [ Printed Summer Dress | Printed Summer Dress | Printed Chiffon Dress ]</msg>
<status status="PASS" starttime="20210212 16:29:01.015" endtime="20210212 16:29:01.016"></status>
</kw>
<kw name="Wait Until Element Is Visible" library="SeleniumLibrary">
<doc>Waits until the element ``locator`` is visible.</doc>
<arguments>
<arg>xpath=//*[@id="center_column"]/h1/span[1][@class="cat-name"]</arg>
</arguments>
<status status="PASS" starttime="20210212 16:29:01.017" endtime="20210212 16:29:01.051"></status>
</kw>
<kw name="Page Should Contain Element" library="SeleniumLibrary">
<doc>Verifies that element ``locator`` is found on the current page.</doc>
<arguments>
<arg>xpath=//*[@id="center_column"]/h1/span[contains(text(),"${SUB_CATEGORIA}")]</arg>
</arguments>
<msg timestamp="20210212 16:29:01.067" level="INFO">Current page contains element 'xpath=//*[@id="center_column"]/h1/span[contains(text(),"Summer Dresses")]'.</msg>
<status status="PASS" starttime="20210212 16:29:01.052" endtime="20210212 16:29:01.067"></status>
</kw>
<kw name="Page Should Contain Element" library="SeleniumLibrary">
<doc>Verifies that element ``locator`` is found on the current page.</doc>
<arguments>
<arg>xpath=//*[@id="center_column"]/ul/li[1]/div/div[2]/h5/a[@title="${DRESSES[0]}"]</arg>
</arguments>
<msg timestamp="20210212 16:29:01.084" level="INFO">Current page contains element 'xpath=//*[@id="center_column"]/ul/li[1]/div/div[2]/h5/a[@title="Printed Summer Dress"]'.</msg>
<status status="PASS" starttime="20210212 16:29:01.067" endtime="20210212 16:29:01.084"></status>
</kw>
<kw name="Page Should Contain Element" library="SeleniumLibrary">
<doc>Verifies that element ``locator`` is found on the current page.</doc>
<arguments>
<arg>xpath=//*[@id="center_column"]/ul/li[2]/div/div[2]/h5/a[@title="${DRESSES[1]}"]</arg>
</arguments>
<msg timestamp="20210212 16:29:01.098" level="INFO">Current page contains element 'xpath=//*[@id="center_column"]/ul/li[2]/div/div[2]/h5/a[@title="Printed Summer Dress"]'.</msg>
<status status="PASS" starttime="20210212 16:29:01.084" endtime="20210212 16:29:01.098"></status>
</kw>
<kw name="Page Should Contain Element" library="SeleniumLibrary">
<doc>Verifies that element ``locator`` is found on the current page.</doc>
<arguments>
<arg>xpath=//*[@id="center_column"]/ul/li[3]/div/div[2]/h5/a[@title="${DRESSES[2]}"]</arg>
</arguments>
<msg timestamp="20210212 16:29:01.111" level="INFO">Current page contains element 'xpath=//*[@id="center_column"]/ul/li[3]/div/div[2]/h5/a[@title="Printed Chiffon Dress"]'.</msg>
<status status="PASS" starttime="20210212 16:29:01.098" endtime="20210212 16:29:01.111"></status>
</kw>
<status status="PASS" starttime="20210212 16:29:01.014" endtime="20210212 16:29:01.111"></status>
</kw>
<kw name="Fechar Navegador" library="ResourceBDD" type="teardown">
<kw name="Close Browser" library="SeleniumLibrary">
<doc>Closes the current browser.</doc>
<status status="PASS" starttime="20210212 16:29:01.113" endtime="20210212 16:29:03.317"></status>
</kw>
<status status="PASS" starttime="20210212 16:29:01.112" endtime="20210212 16:29:03.318"></status>
</kw>
<status status="PASS" starttime="20210212 16:28:50.243" endtime="20210212 16:29:03.320" critical="yes"></status>
</test>
<test id="s1-t4" name="Cenário 04: Adicionar Produtos no Carrinho">
<kw name="Abrir Navegador" library="ResourceBDD" type="setup">
<kw name="Open Browser" library="SeleniumLibrary">
<doc>Opens a new browser instance to the optional ``url``.</doc>
<arguments>
<arg>about:blank</arg>
<arg>${BROWSER}</arg>
</arguments>
<msg timestamp="20210212 16:29:03.338" level="INFO">Opening browser 'chrome' to base url 'about:blank'.</msg>
<status status="PASS" starttime="20210212 16:29:03.337" endtime="20210212 16:29:04.740"></status>
</kw>
<status status="PASS" starttime="20210212 16:29:03.336" endtime="20210212 16:29:04.740"></status>
</kw>
<kw name="Dado que estou na página home do site" library="ResourceBDD">
<kw name="Go To" library="SeleniumLibrary">
<doc>Navigates the current browser window to the provided ``url``.</doc>
<arguments>
<arg>http://automationpractice.com/</arg>
</arguments>
<msg timestamp="20210212 16:29:04.751" level="INFO">Opening url 'http://automationpractice.com/'</msg>
<status status="PASS" starttime="20210212 16:29:04.751" endtime="20210212 16:29:12.413"></status>
</kw>
<kw name="Title Should Be" library="SeleniumLibrary">
<doc>Verifies that the current page title equals ``title``.</doc>
<arguments>
<arg>My Store</arg>
</arguments>
<msg timestamp="20210212 16:29:12.423" level="INFO">Page title is 'My Store'.</msg>
<status status="PASS" starttime="20210212 16:29:12.413" endtime="20210212 16:29:12.423"></status>
</kw>
<status status="PASS" starttime="20210212 16:29:04.750" endtime="20210212 16:29:12.423"></status>
</kw>
<kw name="Quando eu pesquisar pelo produto &quot;t-shirt&quot;" library="ResourceBDD">
<kw name="Input Text" library="SeleniumLibrary">
<doc>Types the given ``text`` into the text field identified by ``locator``.</doc>
<arguments>
<arg>id=search_query_top</arg>
<arg>${PRODUTO}</arg>
</arguments>
<msg timestamp="20210212 16:29:12.425" level="INFO">Typing text 't-shirt' into text field 'id=search_query_top'.</msg>
<status status="PASS" starttime="20210212 16:29:12.424" endtime="20210212 16:29:12.549"></status>
</kw>
<kw name="Click Button" library="SeleniumLibrary">
<doc>Clicks the button identified by ``locator``.</doc>
<arguments>
<arg>name=submit_search</arg>
</arguments>
<msg timestamp="20210212 16:29:12.550" level="INFO">Clicking button 'name=submit_search'.</msg>
<status status="PASS" starttime="20210212 16:29:12.549" endtime="20210212 16:29:14.285"></status>
</kw>
<status status="PASS" starttime="20210212 16:29:12.424" endtime="20210212 16:29:14.285"></status>
</kw>
<kw name="E Clicar no botão &quot;Add to cart&quot;" library="ResourceBDD">
<kw name="Wait Until Element Is Visible" library="SeleniumLibrary">
<doc>Waits until the element ``locator`` is visible.</doc>
<arguments>
<arg>xpath=//*[@id="center_column"]//a[@title="Add to cart"]</arg>
</arguments>
<status status="PASS" starttime="20210212 16:29:14.288" endtime="20210212 16:29:14.866"></status>
</kw>
<kw name="Click Element" library="SeleniumLibrary">
<doc>Click the element identified by ``locator``.</doc>
<arguments>
<arg>xpath=//*[@id="center_column"]//a[@title="Add to cart"]</arg>
</arguments>
<msg timestamp="20210212 16:29:14.867" level="INFO">Clicking element 'xpath=//*[@id="center_column"]//a[@title="Add to cart"]'.</msg>
<status status="PASS" starttime="20210212 16:29:14.867" endtime="20210212 16:29:14.926"></status>
</kw>
<status status="PASS" starttime="20210212 16:29:14.287" endtime="20210212 16:29:14.926"></status>
</kw>
<kw name="E exibir a tela de confirmação" library="ResourceBDD">
<kw name="Wait Until Element Is Visible" library="SeleniumLibrary">
<doc>Waits until the element ``locator`` is visible.</doc>
<arguments>
<arg>xpath=//*[@id="layer_cart"]</arg>
</arguments>
<status status="PASS" starttime="20210212 16:29:14.928" endtime="20210212 16:29:15.855"></status>
</kw>
<kw name="Page Should Contain Element" library="SeleniumLibrary">
<doc>Verifies that element ``locator`` is found on the current page.</doc>
<arguments>
<arg>xpath=//*[@id="layer_cart"]</arg>
</arguments>
<msg timestamp="20210212 16:29:15.864" level="INFO">Current page contains element 'xpath=//*[@id="layer_cart"]'.</msg>
<status status="PASS" starttime="20210212 16:29:15.855" endtime="20210212 16:29:15.864"></status>
</kw>
<status status="PASS" starttime="20210212 16:29:14.927" endtime="20210212 16:29:15.865"></status>
</kw>
<kw name="E Clicar no botão &quot;Proceed to checkout&quot; do produto" library="ResourceBDD">
<kw name="Wait Until Element Is Visible" library="SeleniumLibrary">
<doc>Waits until the element ``locator`` is visible.</doc>
<arguments>
<arg>xpath=//*[@id="layer_cart"]//a[@title="Proceed to checkout"]</arg>
</arguments>
<status status="PASS" starttime="20210212 16:29:15.866" endtime="20210212 16:29:15.910"></status>
</kw>
<kw name="Click Element" library="SeleniumLibrary">
<doc>Click the element identified by ``locator``.</doc>
<arguments>
<arg>xpath=//*[@id="layer_cart"]//a[@title="Proceed to checkout"]</arg>
</arguments>
<msg timestamp="20210212 16:29:15.910" level="INFO">Clicking element 'xpath=//*[@id="layer_cart"]//a[@title="Proceed to checkout"]'.</msg>
<status status="PASS" starttime="20210212 16:29:15.910" endtime="20210212 16:29:17.837"></status>
</kw>
<status status="PASS" starttime="20210212 16:29:15.866" endtime="20210212 16:29:17.838"></status>
</kw>
<kw name="Então A tela do carrinho de compras deve ser exibido, com os dados do produto e valores." library="ResourceBDD">
<kw name="Wait Until Element Is Visible" library="SeleniumLibrary">
<doc>Waits until the element ``locator`` is visible.</doc>
<arguments>
<arg>css=#cart_title</arg>
</arguments>
<status status="PASS" starttime="20210212 16:29:17.840" endtime="20210212 16:29:17.878"></status>
</kw>
<kw name="Title Should Be" library="SeleniumLibrary">
<doc>Verifies that the current page title equals ``title``.</doc>
<arguments>
<arg>Order - My Store</arg>
</arguments>
<msg timestamp="20210212 16:29:17.884" level="INFO">Page title is 'Order - My Store'.</msg>
<status status="PASS" starttime="20210212 16:29:17.878" endtime="20210212 16:29:17.884"></status>
</kw>
<kw name="Page Should Contain Element" library="SeleniumLibrary">
<doc>Verifies that element ``locator`` is found on the current page.</doc>
<arguments>
<arg>id=order-detail-content</arg>
</arguments>
<msg timestamp="20210212 16:29:17.899" level="INFO">Current page contains element 'id=order-detail-content'.</msg>
<status status="PASS" starttime="20210212 16:29:17.884" endtime="20210212 16:29:17.899"></status>
</kw>
<status status="PASS" starttime="20210212 16:29:17.839" endtime="20210212 16:29:17.900"></status>
</kw>
<kw name="Fechar Navegador" library="ResourceBDD" type="teardown">
<kw name="Close Browser" library="SeleniumLibrary">
<doc>Closes the current browser.</doc>
<status status="PASS" starttime="20210212 16:29:17.901" endtime="20210212 16:29:20.165"></status>
</kw>
<status status="PASS" starttime="20210212 16:29:17.901" endtime="20210212 16:29:20.166"></status>
</kw>
<status status="PASS" starttime="20210212 16:29:03.332" endtime="20210212 16:29:20.168" critical="yes"></status>
</test>
<test id="s1-t5" name="Cenário 05: Remover Produtos">
<kw name="Abrir Navegador" library="ResourceBDD" type="setup">
<kw name="Open Browser" library="SeleniumLibrary">
<doc>Opens a new browser instance to the optional ``url``.</doc>
<arguments>
<arg>about:blank</arg>
<arg>${BROWSER}</arg>
</arguments>
<msg timestamp="20210212 16:29:20.186" level="INFO">Opening browser 'chrome' to base url 'about:blank'.</msg>
<status status="PASS" starttime="20210212 16:29:20.185" endtime="20210212 16:29:21.590"></status>
</kw>
<status status="PASS" starttime="20210212 16:29:20.184" endtime="20210212 16:29:21.590"></status>
</kw>
<kw name="Dado que estou na página home do site" library="ResourceBDD">
<kw name="Go To" library="SeleniumLibrary">
<doc>Navigates the current browser window to the provided ``url``.</doc>
<arguments>
<arg>http://automationpractice.com/</arg>
</arguments>
<msg timestamp="20210212 16:29:21.600" level="INFO">Opening url 'http://automationpractice.com/'</msg>
<status status="PASS" starttime="20210212 16:29:21.600" endtime="20210212 16:29:31.952"></status>
</kw>
<kw name="Title Should Be" library="SeleniumLibrary">
<doc>Verifies that the current page title equals ``title``.</doc>
<arguments>
<arg>My Store</arg>
</arguments>
<msg timestamp="20210212 16:29:31.960" level="INFO">Page title is 'My Store'.</msg>
<status status="PASS" starttime="20210212 16:29:31.953" endtime="20210212 16:29:31.961"></status>
</kw>
<status status="PASS" starttime="20210212 16:29:21.599" endtime="20210212 16:29:31.961"></status>
</kw>
<kw name="E existe o produto &quot;t-shirt&quot; adicionado no carrinho" library="ResourceBDD">
<kw name="Quando eu pesquisar pelo produto &quot;${PRODUTO}&quot;" library="ResourceBDD">
<kw name="Input Text" library="SeleniumLibrary">
<doc>Types the given ``text`` into the text field identified by ``locator``.</doc>
<arguments>
<arg>id=search_query_top</arg>
<arg>${PRODUTO}</arg>
</arguments>
<msg timestamp="20210212 16:29:31.965" level="INFO">Typing text 't-shirt' into text field 'id=search_query_top'.</msg>
<status status="PASS" starttime="20210212 16:29:31.964" endtime="20210212 16:29:32.133"></status>
</kw>
<kw name="Click Button" library="SeleniumLibrary">
<doc>Clicks the button identified by ``locator``.</doc>
<arguments>
<arg>name=submit_search</arg>
</arguments>
<msg timestamp="20210212 16:29:32.134" level="INFO">Clicking button 'name=submit_search'.</msg>
<status status="PASS" starttime="20210212 16:29:32.133" endtime="20210212 16:29:32.320"></status>
</kw>
<status status="PASS" starttime="20210212 16:29:31.963" endtime="20210212 16:29:32.321"></status>
</kw>
<kw name="E Clicar no botão &quot;Add to cart&quot;" library="ResourceBDD">
<kw name="Wait Until Element Is Visible" library="SeleniumLibrary">
<doc>Waits until the element ``locator`` is visible.</doc>
<arguments>
<arg>xpath=//*[@id="center_column"]//a[@title="Add to cart"]</arg>
</arguments>
<status status="PASS" starttime="20210212 16:29:32.322" endtime="20210212 16:29:36.921"></status>
</kw>
<kw name="Click Element" library="SeleniumLibrary">
<doc>Click the element identified by ``locator``.</doc>
<arguments>
<arg>xpath=//*[@id="center_column"]//a[@title="Add to cart"]</arg>
</arguments>
<msg timestamp="20210212 16:29:36.922" level="INFO">Clicking element 'xpath=//*[@id="center_column"]//a[@title="Add to cart"]'.</msg>
<status status="PASS" starttime="20210212 16:29:36.922" endtime="20210212 16:29:37.012"></status>
</kw>
<status status="PASS" starttime="20210212 16:29:32.321" endtime="20210212 16:29:37.012"></status>
</kw>
<kw name="E Clicar no botão &quot;Proceed to checkout&quot; do produto" library="ResourceBDD">
<kw name="Wait Until Element Is Visible" library="SeleniumLibrary">
<doc>Waits until the element ``locator`` is visible.</doc>
<arguments>
<arg>xpath=//*[@id="layer_cart"]//a[@title="Proceed to checkout"]</arg>
</arguments>
<status status="PASS" starttime="20210212 16:29:37.013" endtime="20210212 16:29:39.255"></status>
</kw>
<kw name="Click Element" library="SeleniumLibrary">
<doc>Click the element identified by ``locator``.</doc>
<arguments>
<arg>xpath=//*[@id="layer_cart"]//a[@title="Proceed to checkout"]</arg>
</arguments>
<msg timestamp="20210212 16:29:39.255" level="INFO">Clicking element 'xpath=//*[@id="layer_cart"]//a[@title="Proceed to checkout"]'.</msg>
<status status="PASS" starttime="20210212 16:29:39.255" endtime="20210212 16:29:40.938"></status>
</kw>
<status status="PASS" starttime="20210212 16:29:37.012" endtime="20210212 16:29:40.938"></status>
</kw>
<status status="PASS" starttime="20210212 16:29:31.962" endtime="20210212 16:29:40.938"></status>
</kw>
<kw name="Quando excluir o produto do carrinho" library="ResourceBDD">
<kw name="Click Element" library="SeleniumLibrary">
<doc>Click the element identified by ``locator``.</doc>
<arguments>
<arg>xpath=//*[@class="cart_quantity_delete"]</arg>
</arguments>
<msg timestamp="20210212 16:29:40.942" level="INFO">Clicking element 'xpath=//*[@class="cart_quantity_delete"]'.</msg>
<status status="PASS" starttime="20210212 16:29:40.942" endtime="20210212 16:29:41.020"></status>
</kw>
<status status="PASS" starttime="20210212 16:29:40.941" endtime="20210212 16:29:41.020"></status>
</kw>
<kw name="Então a página deverá exibir a mensagem &quot;Your shopping cart is empty.&quot;" library="ResourceBDD">
<kw name="Wait Until Element Is Visible" library="SeleniumLibrary">
<doc>Waits until the element ``locator`` is visible.</doc>
<arguments>
<arg>xpath=//*[@id="center_column"]//p[@class="alert alert-warning"]</arg>
</arguments>
<status status="PASS" starttime="20210212 16:29:41.021" endtime="20210212 16:29:45.135"></status>
</kw>
<kw name="Element Text Should Be" library="SeleniumLibrary">
<doc>Verifies that element ``locator`` contains exact the text ``expected``.</doc>
<arguments>
<arg>xpath=//*[@id="center_column"]//p[@class="alert alert-warning"]</arg>
<arg>${MENSAGEM}</arg>
</arguments>
<msg timestamp="20210212 16:29:45.137" level="INFO">Verifying element 'xpath=//*[@id="center_column"]//p[@class="alert alert-warning"]' contains exact text 'Your shopping cart is empty.'.</msg>
<status status="PASS" starttime="20210212 16:29:45.136" endtime="20210212 16:29:45.160"></status>
</kw>
<status status="PASS" starttime="20210212 16:29:41.021" endtime="20210212 16:29:45.160"></status>
</kw>
<kw name="Fechar Navegador" library="ResourceBDD" type="teardown">
<kw name="Close Browser" library="SeleniumLibrary">
<doc>Closes the current browser.</doc>
<status status="PASS" starttime="20210212 16:29:45.162" endtime="20210212 16:29:47.364"></status>
</kw>
<status status="PASS" starttime="20210212 16:29:45.161" endtime="20210212 16:29:47.365"></status>
</kw>
<status status="PASS" starttime="20210212 16:29:20.180" endtime="20210212 16:29:47.367" critical="yes"></status>
</test>
<test id="s1-t6" name="Cenário 06: Adicionar Cliente">
<kw name="Abrir Navegador" library="ResourceBDD" type="setup">
<kw name="Open Browser" library="SeleniumLibrary">
<doc>Opens a new browser instance to the optional ``url``.</doc>
<arguments>
<arg>about:blank</arg>
<arg>${BROWSER}</arg>
</arguments>
<msg timestamp="20210212 16:29:47.386" level="INFO">Opening browser 'chrome' to base url 'about:blank'.</msg>
<status status="PASS" starttime="20210212 16:29:47.385" endtime="20210212 16:29:48.807"></status>
</kw>
<status status="PASS" starttime="20210212 16:29:47.384" endtime="20210212 16:29:48.808"></status>
</kw>
<kw name="Dado que estou na página home do site" library="ResourceBDD">
<kw name="Go To" library="SeleniumLibrary">
<doc>Navigates the current browser window to the provided ``url``.</doc>
<arguments>
<arg>http://automationpractice.com/</arg>
</arguments>
<msg timestamp="20210212 16:29:48.809" level="INFO">Opening url 'http://automationpractice.com/'</msg>
<status status="PASS" starttime="20210212 16:29:48.809" endtime="20210212 16:29:57.594"></status>
</kw>
<kw name="Title Should Be" library="SeleniumLibrary">
<doc>Verifies that the current page title equals ``title``.</doc>
<arguments>
<arg>My Store</arg>
</arguments>
<msg timestamp="20210212 16:29:57.604" level="INFO">Page title is 'My Store'.</msg>
<status status="PASS" starttime="20210212 16:29:57.594" endtime="20210212 16:29:57.605"></status>
</kw>
<status status="PASS" starttime="20210212 16:29:48.808" endtime="20210212 16:29:57.605"></status>
</kw>
<kw name="Quando eu Clicar no botão superior direito “Sign in&quot;" library="ResourceBDD">
<kw name="Click Element" library="SeleniumLibrary">
<doc>Click the element identified by ``locator``.</doc>
<arguments>
<arg>xpath=//*[@id="header"]//a[@class="login"]</arg>
</arguments>
<msg timestamp="20210212 16:29:57.610" level="INFO">Clicking element 'xpath=//*[@id="header"]//a[@class="login"]'.</msg>
<status status="PASS" starttime="20210212 16:29:57.609" endtime="20210212 16:30:00.632"></status>
</kw>
<status status="PASS" starttime="20210212 16:29:57.608" endtime="20210212 16:30:00.633"></status>
</kw>
<kw name="E inserir um e-mail válido" library="ResourceBDD">
<kw name="Wait Until Element Is Visible" library="SeleniumLibrary">
<doc>Waits until the element ``locator`` is visible.</doc>
<arguments>
<arg>id=email_create</arg>
</arguments>
<status status="PASS" starttime="20210212 16:30:00.635" endtime="20210212 16:30:00.683"></status>
</kw>
<kw name="Gerar endereço de e-mail" library="ResourceBDD">
<arguments>
<arg>${DADOS.nome}</arg>
</arguments>
<assign>
<var>${EMAIL}</var>
</assign>
<kw name="Generate Random String" library="String">
<doc>Generates a string with a desired ``length`` from the given ``chars``.</doc>
<assign>
<var>${STRING_GERADA}</var>
</assign>
<msg timestamp="20210212 16:30:00.684" level="INFO">${STRING_GERADA} = BMRy20gx</msg>
<status status="PASS" starttime="20210212 16:30:00.684" endtime="20210212 16:30:00.684"></status>
</kw>
<kw name="Set Variable" library="BuiltIn">
<doc>Returns the given values which can then be assigned to a variables.</doc>
<arguments>
<arg>${NOME}${STRING_GERADA}@email.com</arg>
</arguments>
<assign>
<var>${USER_EMAIL}</var>
</assign>
<msg timestamp="20210212 16:30:00.685" level="INFO">${USER_EMAIL} = Patricia sobrenome=Alves senha=TesteTeste endereço=Rua Londrina, Bairro CentroBMRy20gx@email.com</msg>
<status status="PASS" starttime="20210212 16:30:00.684" endtime="20210212 16:30:00.685"></status>
</kw>
<msg timestamp="20210212 16:30:00.685" level="INFO">${EMAIL} = Patricia sobrenome=Alves senha=TesteTeste endereço=Rua Londrina, Bairro CentroBMRy20gx@email.com</msg>
<status status="PASS" starttime="20210212 16:30:00.683" endtime="20210212 16:30:00.685"></status>
</kw>
<kw name="Input Text" library="SeleniumLibrary">
<doc>Types the given ``text`` into the text field identified by ``locator``.</doc>
<arguments>
<arg>id=email_create</arg>
<arg>${EMAIL}</arg>
</arguments>
<msg timestamp="20210212 16:30:00.685" level="INFO">Typing text 'Patricia sobrenome=Alves senha=TesteTeste endereço=Rua Londrina, Bairro CentroBMRy20gx@email.com' into text field 'id=email_create'.</msg>
<status status="PASS" starttime="20210212 16:30:00.685" endtime="20210212 16:30:00.992"></status>
</kw>
<status status="PASS" starttime="20210212 16:30:00.634" endtime="20210212 16:30:00.992"></status>
</kw>
<kw name="E Clicar no botão &quot;Create an account&quot;" library="ResourceBDD">
<kw name="Click Button" library="SeleniumLibrary">
<doc>Clicks the button identified by ``locator``.</doc>
<arguments>
<arg>id=SubmitCreate</arg>
</arguments>
<msg timestamp="20210212 16:30:00.994" level="INFO">Clicking button 'id=SubmitCreate'.</msg>
<status status="PASS" starttime="20210212 16:30:00.994" endtime="20210212 16:30:01.101"></status>
</kw>
<status status="PASS" starttime="20210212 16:30:00.993" endtime="20210212 16:30:01.102"></status>
</kw>
<kw name="E Preencher os campos obrigatórios." library="ResourceBDD">
<kw name="Wait Until Element Is Visible" library="SeleniumLibrary">
<doc>Waits until the element ``locator`` is visible.</doc>
<arguments>
<arg>xpath=//*[@id="account-creation_form"]//h3[contains(text(),"Your personal information")]</arg>
</arguments>
<kw name="Capture Page Screenshot" library="SeleniumLibrary">
<doc>Takes a screenshot of the current page and embeds it into a log file.</doc>
<msg timestamp="20210212 16:30:06.519" level="INFO" html="yes">&lt;/td&gt;&lt;/tr&gt;&lt;tr&gt;&lt;td colspan="3"&gt;&lt;a href="selenium-screenshot-25.png"&gt;&lt;img src="selenium-screenshot-25.png" width="800px"&gt;&lt;/a&gt;</msg>
<status status="PASS" starttime="20210212 16:30:06.200" endtime="20210212 16:30:06.520"></status>
</kw>
<msg timestamp="20210212 16:30:06.521" level="FAIL">Element 'xpath=//*[@id="account-creation_form"]//h3[contains(text(),"Your personal information")]' not visible after 5 seconds.</msg>
<status status="FAIL" starttime="20210212 16:30:01.104" endtime="20210212 16:30:06.521"></status>
</kw>
<status status="FAIL" starttime="20210212 16:30:01.103" endtime="20210212 16:30:06.522"></status>
</kw>
<kw name="Fechar Navegador" library="ResourceBDD" type="teardown">
<kw name="Close Browser" library="SeleniumLibrary">
<doc>Closes the current browser.</doc>
<status status="PASS" starttime="20210212 16:30:06.523" endtime="20210212 16:30:08.747"></status>
</kw>
<status status="PASS" starttime="20210212 16:30:06.522" endtime="20210212 16:30:08.747"></status>
</kw>
<status status="FAIL" starttime="20210212 16:29:47.380" endtime="20210212 16:30:08.749" critical="yes">Element 'xpath=//*[@id="account-creation_form"]//h3[contains(text(),"Your personal information")]' not visible after 5 seconds.</status>
</test>
<status status="FAIL" starttime="20210212 16:28:22.504" endtime="20210212 16:30:08.793"></status>
</suite>
<statistics>
<total>
<stat pass="5" fail="1">Critical Tests</stat>
<stat pass="5" fail="1">All Tests</stat>
</total>
<tag>
</tag>
<suite>
<stat pass="5" fail="1" id="s1" name="TestSitePracticeBDD">TestSitePracticeBDD</stat>
</suite>
</statistics>
<errors>
</errors>
</robot>
